#
# There is insufficient memory for the Java Runtime Environment to continue.
# Native memory allocation (mmap) failed to map 132120576 bytes for G1 virtual space
# Possible reasons:
#   The system is out of physical RAM or swap space
#   The process is running with CompressedOops enabled, and the Java Heap may be blocking the growth of the native heap
# Possible solutions:
#   Reduce memory load on the system
#   Increase physical memory or swap space
#   Check if swap backing store is full
#   Decrease Java heap size (-Xmx/-Xms)
#   Decrease number of Java threads
#   Decrease Java thread stack sizes (-Xss)
#   Set larger code cache with -XX:ReservedCodeCacheSize=
#   JVM is running with Unscaled Compressed Oops mode in which the Java heap is
#     placed in the first 4GB address space. The Java Heap base address is the
#     maximum limit for the native heap growth. Please use -XX:HeapBaseMinAddress
#     to set the Java Heap base and to place the Java Heap above 4GB virtual address.
# This output file may be truncated or incomplete.
#
#  Out of Memory Error (os_windows.cpp:3530), pid=10516, tid=12136
#
# JRE version:  (18.0.2.1+1) (build )
# Java VM: Java HotSpot(TM) 64-Bit Server VM (18.0.2.1+1-1, mixed mode, sharing, tiered, compressed oops, compressed class ptrs, g1 gc, windows-amd64)
# No core dump will be written. Minidumps are not enabled by default on client versions of Windows
#

---------------  S U M M A R Y ------------

Command Line: -Dfile.encoding=UTF-8 --module-path=C:\DANILA\OOP - java\Lab8\bin -XX:+ShowCodeDetailsInExceptionMessages -Djdk.module.main=Lab8 Lab8/Lab8.Main

Host: Intel(R) Core(TM) i7-9750H CPU @ 2.60GHz, 12 cores, 7G,  Windows 10 , 64 bit Build 19041 (10.0.19041.2251)
Time: Sat Dec 10 19:17:08 2022 RTZ 3 (s 10 , 64 bit Build 19041 (10.0.19041.2251) elapsed time: 0.013479 seconds (0d 0h 0m 0s)

---------------  T H R E A D  ---------------

Current thread (0x000001c87d87ce70):  JavaThread "Unknown thread" [_thread_in_vm, id=12136, stack(0x0000003885500000,0x0000003885600000)]

Stack: [0x0000003885500000,0x0000003885600000]
Native frames: (J=compiled Java code, j=interpreted, Vv=VM code, C=native code)
V  [jvm.dll+0x6993aa]
V  [jvm.dll+0x7f46dd]
V  [jvm.dll+0x7f5fee]
V  [jvm.dll+0x7f66a3]
V  [jvm.dll+0x25cf1f]
V  [jvm.dll+0x6962f9]
V  [jvm.dll+0x68ae2a]
V  [jvm.dll+0x32255b]
V  [jvm.dll+0x329f36]
V  [jvm.dll+0x37eade]
V  [jvm.dll+0x37ed0f]
V  [jvm.dll+0x2fa2da]
V  [jvm.dll+0x2fb33d]
V  [jvm.dll+0x7c3310]
V  [jvm.dll+0x38be61]
V  [jvm.dll+0x7a2023]
V  [jvm.dll+0x40dc3f]
V  [jvm.dll+0x40f611]
C  [jli.dll+0x526b]
C  [ucrtbase.dll+0x21bb2]
C  [KERNEL32.DLL+0x174b4]
C  [ntdll.dll+0x526a1]


---------------  P R O C E S S  ---------------

Threads class SMR info:
_java_thread_list=0x00007fff4af9e550, length=0, elements={
}

Java Threads: ( => current thread )

Other Threads:
  0x000001c87d8dc690 WorkerThread "GC Thread#0" [stack: 0x0000003885600000,0x0000003885700000] [id=28284]
  0x000001c87d8ed0c0 ConcurrentGCThread "G1 Main Marker" [stack: 0x0000003885700000,0x0000003885800000] [id=20964]
  0x000001c87d8ef260 WorkerThread "G1 Conc#0" [stack: 0x0000003885800000,0x0000003885900000] [id=9712]

[error occurred during error reporting (printing all threads), id 0xc0000005, EXCEPTION_ACCESS_VIOLATION (0xc0000005) at pc=0x00007fff4a7ca877]

VM state: not at safepoint (not fully initialized)

VM Mutex/Monitor currently owned by a thread:  ([mutex/lock_event])
[0x000001c87d87a070] Heap_lock - owner thread: 0x000001c87d87ce70

Heap address: 0x0000000082800000, size: 2008 MB, Compressed Oops mode: 32-bit

CDS archive(s) mapped at: [0x0000000000000000-0x0000000000000000-0x0000000000000000), size 0, SharedBaseAddress: 0x0000000800000000, ArchiveRelocationMode: 0.
Narrow klass base: 0x0000000000000000, Narrow klass shift: 0, Narrow klass range: 0x0

GC Precious Log:
 CardTable entry size: 512
 Card Set container configuration: InlinePtr #cards 5 size 8 Array Of Cards #cards 12 size 40 Howl #buckets 4 coarsen threshold 1843 Howl Bitmap #cards 512 size 80 coarsen threshold 460 Card regions per heap region 1 cards per card region 2048

Heap:
 garbage-first heap   total 0K, used 0K [0x0000000082800000, 0x0000000100000000)
  region size 1024K, 0 young (0K), 0 survivors (0K)

[error occurred during error reporting (printing heap information), id 0xc0000005, EXCEPTION_ACCESS_VIOLATION (0xc0000005) at pc=0x00007fff4abb1839]

GC Heap History (0 events):
No events

Deoptimization events (0 events):
No events

Classes loaded (0 events):
No events

Classes unloaded (0 events):
No events

Classes redefined (0 events):
No events

Internal exceptions (0 events):
No events

VM Operations (0 events):
No events

Events (1 events):
Event: 0.006 Loaded shared library C:\Program Files\Java\jdk-18.0.2.1\bin\java.dll


Dynamic libraries:
0x00007ff6d48a0000 - 0x00007ff6d48b0000 	C:\Program Files\Java\jdk-18.0.2.1\bin\javaw.exe
0x00007fffb2450000 - 0x00007fffb2648000 	C:\WINDOWS\SYSTEM32\ntdll.dll
0x00007fffb0940000 - 0x00007fffb09ff000 	C:\WINDOWS\System32\KERNEL32.DLL
0x00007fffafcd0000 - 0x00007fffaffa2000 	C:\WINDOWS\System32\KERNELBASE.dll
0x00007fffafb20000 - 0x00007fffafc20000 	C:\WINDOWS\System32\ucrtbase.dll
0x00007fffa8080000 - 0x00007fffa8098000 	C:\Program Files\Java\jdk-18.0.2.1\bin\jli.dll
0x00007fff94b80000 - 0x00007fff94b9a000 	C:\Program Files\Java\jdk-18.0.2.1\bin\VCRUNTIME140.dll
0x00007fffb1410000 - 0x00007fffb14be000 	C:\WINDOWS\System32\ADVAPI32.dll
0x00007fffb0b40000 - 0x00007fffb0bde000 	C:\WINDOWS\System32\msvcrt.dll
0x00007fffb0770000 - 0x00007fffb080c000 	C:\WINDOWS\System32\sechost.dll
0x00007fffb0470000 - 0x00007fffb0595000 	C:\WINDOWS\System32\RPCRT4.dll
0x00007fffb05a0000 - 0x00007fffb073d000 	C:\WINDOWS\System32\USER32.dll
0x00007fff9bcd0000 - 0x00007fff9bf6a000 	C:\WINDOWS\WinSxS\amd64_microsoft.windows.common-controls_6595b64144ccf1df_6.0.19041.1110_none_60b5254171f9507e\COMCTL32.dll
0x00007fffafca0000 - 0x00007fffafcc2000 	C:\WINDOWS\System32\win32u.dll
0x00007fffb0740000 - 0x00007fffb076b000 	C:\WINDOWS\System32\GDI32.dll
0x00007fffb02b0000 - 0x00007fffb03bf000 	C:\WINDOWS\System32\gdi32full.dll
0x00007fffb00b0000 - 0x00007fffb014d000 	C:\WINDOWS\System32\msvcp_win.dll
0x00007fffa7f20000 - 0x00007fffa7f2a000 	C:\WINDOWS\SYSTEM32\VERSION.dll
0x00007fffb23a0000 - 0x00007fffb23d2000 	C:\WINDOWS\System32\IMM32.DLL
0x00007fffa9840000 - 0x00007fffa984c000 	C:\Program Files\Java\jdk-18.0.2.1\bin\vcruntime140_1.dll
0x00007fff77800000 - 0x00007fff7788d000 	C:\Program Files\Java\jdk-18.0.2.1\bin\msvcp140.dll
0x00007fff4a4c0000 - 0x00007fff4b0d1000 	C:\Program Files\Java\jdk-18.0.2.1\bin\server\jvm.dll
0x00007fffb15a0000 - 0x00007fffb15a8000 	C:\WINDOWS\System32\PSAPI.DLL
0x00007fff9bb90000 - 0x00007fff9bbb7000 	C:\WINDOWS\SYSTEM32\WINMM.dll
0x00007fffa89f0000 - 0x00007fffa89f9000 	C:\WINDOWS\SYSTEM32\WSOCK32.dll
0x00007fffb0ad0000 - 0x00007fffb0b3b000 	C:\WINDOWS\System32\WS2_32.dll
0x00007fffad9e0000 - 0x00007fffad9f2000 	C:\WINDOWS\SYSTEM32\kernel.appcore.dll
0x00007fffa84a0000 - 0x00007fffa84aa000 	C:\Program Files\Java\jdk-18.0.2.1\bin\jimage.dll
0x00007fff9f730000 - 0x00007fff9f914000 	C:\WINDOWS\SYSTEM32\DBGHELP.DLL
0x00007fff9c330000 - 0x00007fff9c35c000 	C:\WINDOWS\SYSTEM32\dbgcore.DLL
0x00007fffaffb0000 - 0x00007fffb0032000 	C:\WINDOWS\System32\bcryptPrimitives.dll
0x00007fff82ac0000 - 0x00007fff82ae5000 	C:\Program Files\Java\jdk-18.0.2.1\bin\java.dll

dbghelp: loaded successfully - version: 4.0.5 - missing functions: none
symbol engine: initialized successfully - sym options: 0x614 - pdb path: .;C:\Program Files\Java\jdk-18.0.2.1\bin;C:\WINDOWS\SYSTEM32;C:\WINDOWS\WinSxS\amd64_microsoft.windows.common-controls_6595b64144ccf1df_6.0.19041.1110_none_60b5254171f9507e;C:\Program Files\Java\jdk-18.0.2.1\bin\server

VM Arguments:
jvm_args: -Dfile.encoding=UTF-8 --module-path=C:\DANILA\OOP - java\Lab8\bin -XX:+ShowCodeDetailsInExceptionMessages -Djdk.module.main=Lab8 
java_command: Lab8/Lab8.Main
java_class_path (initial): <not set>
Launcher Type: SUN_STANDARD

[Global flags]
     intx CICompilerCount                          = 4                                         {product} {ergonomic}
     uint ConcGCThreads                            = 3                                         {product} {ergonomic}
     uint G1ConcRefinementThreads                  = 10                                        {product} {ergonomic}
   size_t G1HeapRegionSize                         = 1048576                                   {product} {ergonomic}
    uintx GCDrainStackTargetSize                   = 64                                        {product} {ergonomic}
   size_t InitialHeapSize                          = 132120576                                 {product} {ergonomic}
   size_t MarkStackSize                            = 4194304                                   {product} {ergonomic}
   size_t MaxHeapSize                              = 2105540608                                {product} {ergonomic}
   size_t MinHeapDeltaBytes                        = 1048576                                   {product} {ergonomic}
   size_t MinHeapSize                              = 8388608                                   {product} {ergonomic}
    uintx NonNMethodCodeHeapSize                   = 5839372                                {pd product} {ergonomic}
    uintx NonProfiledCodeHeapSize                  = 122909434                              {pd product} {ergonomic}
    uintx ProfiledCodeHeapSize                     = 122909434                              {pd product} {ergonomic}
    uintx ReservedCodeCacheSize                    = 251658240                              {pd product} {ergonomic}
     bool SegmentedCodeCache                       = true                                      {product} {ergonomic}
     bool ShowCodeDetailsInExceptionMessages       = true                                   {manageable} {command line}
   size_t SoftMaxHeapSize                          = 2105540608                             {manageable} {ergonomic}
     bool UseCompressedClassPointers               = true                           {product lp64_product} {ergonomic}
     bool UseCompressedOops                        = true                           {product lp64_product} {ergonomic}
     bool UseG1GC                                  = true                                      {product} {ergonomic}
     bool UseLargePagesIndividualAllocation        = false                                  {pd product} {ergonomic}

Logging:
Log output configuration:
 #0: stdout all=warning uptime,level,tags foldmultilines=false
 #1: stderr all=off uptime,level,tags foldmultilines=false

Environment Variables:
PATH=C:\Program Files\Common Files\Oracle\Java\javapath;C:\Windows\system32;C:\Windows;C:\Windows\System32\Wbem;C:\Windows\System32\WindowsPowerShell\v1.0\;C:\Windows\System32\OpenSSH\;C:\Program Files\NVIDIA Corporation\NVIDIA NGX;C:\Program Files (x86)\NVIDIA Corporation\PhysX\Common;C:\Program Files\NVIDIA Corporation\NVIDIA NvDLISR;C:\Program Files\dotnet\;C:\WINDOWS\system32;C:\WINDOWS;C:\WINDOWS\System32\Wbem;C:\WINDOWS\System32\WindowsPowerShell\v1.0\;C:\WINDOWS\System32\OpenSSH\;C:\DANILA\MatLabNew\bin;C:\Program Files\Java\jdk-18.0.2.1\bin;C:\Users\gusev\AppData\Local\Microsoft\WindowsApps;C:\Users\gusev\.dotnet\tools;C:\Users\gusev\AppData\Local\Programs\Python\Python39\Scripts;C:\Users\gusev\AppData\Local\Programs\Python\Python39\Scripts\nltk;
USERNAME=gusev
OS=Windows_NT
PROCESSOR_IDENTIFIER=Intel64 Family 6 Model 158 Stepping 10, GenuineIntel



---------------  S Y S T E M  ---------------

OS:
 Windows 10 , 64 bit Build 19041 (10.0.19041.2251)
OS uptime: 17 days 5:49 hours

CPU: total 12 (initial active 12) (6 cores per cpu, 2 threads per core) family 6 model 158 stepping 10 microcode 0xb4, cx8, cmov, fxsr, ht, mmx, 3dnowpref, sse, sse2, sse3, ssse3, sse4.1, sse4.2, popcnt, lzcnt, tsc, tscinvbit, avx, avx2, aes, erms, clmul, bmi1, bmi2, adx, fma, vzeroupper, clflush, clflushopt

Memory: 4k page, system-wide physical 8029M (328M free)
TotalPageFile size 32605M (AvailPageFile size 55M)
current process WorkingSet (physical memory assigned to process): 10M, peak: 10M
current process commit charge ("private bytes"): 64M, peak: 190M

vm_info: Java HotSpot(TM) 64-Bit Server VM (18.0.2.1+1-1) for windows-amd64 JRE (18.0.2.1+1-1), built on Aug 16 2022 01:46:33 by "mach5one" with MS VC++ 16.8 / 16.9 (VS2019)

END.
